<?xml version="1.0" encoding="UTF-8"?>
<!-- Generated by org.testng.reporters.JUnitReportReporter -->
<testsuite skipped="0" hostname="BAKORAPA-IN" name="com.qa.opencart.Tests.AccountsPageTest" tests="4" failures="0" timestamp="16 Jun 2021 16:24:35 GMT" time="3.550" errors="0">
  <testcase name="verifyAccPageHeaderTest" time="1.600" classname="com.qa.opencart.Tests.AccountsPageTest"/>
  <testcase name="verifyAccPageTitleTest" time="0.016" classname="com.qa.opencart.Tests.AccountsPageTest"/>
  <testcase name="accSectionsListTest" time="0.244" classname="com.qa.opencart.Tests.AccountsPageTest"/>
  <testcase name="verifyLogoutLinkTest" time="1.690" classname="com.qa.opencart.Tests.AccountsPageTest"/>
</testsuite> <!-- com.qa.opencart.Tests.AccountsPageTest -->
