<?xml version="1.0" encoding="UTF-8"?>
<!-- Generated by org.testng.reporters.JUnitReportReporter -->
<testsuite skipped="0" hostname="BAKORAPA-IN" name="com.qa.opencart.Tests.ProductPageTest" tests="1" failures="0" timestamp="2021-04-13T14:15:53 IST" time="9.354" errors="0">
  <testcase name="captureProductDetails" time="9.354" classname="com.qa.opencart.Tests.ProductPageTest"/>
  <system-out/>
</testsuite> <!-- com.qa.opencart.Tests.ProductPageTest -->
