<?xml version="1.0" encoding="UTF-8"?>
<!-- Generated by org.testng.reporters.JUnitReportReporter -->
<testsuite skipped="2" hostname="BAKORAPA-IN" name="com.qa.opencart.Tests.ProductPageTest" tests="5" failures="0" timestamp="04 Jun 2021 10:10:53 GMT" time="15.752" errors="0">
  <testcase name="productCountTest" time="5.476" classname="com.qa.opencart.Tests.ProductPageTest"/>
  <testcase name="productCountTest" time="5.550" classname="com.qa.opencart.Tests.ProductPageTest"/>
  <testcase name="productCountTest" time="4.726" classname="com.qa.opencart.Tests.ProductPageTest"/>
  <testcase name="captureProductDetails" classname="com.qa.opencart.Tests.ProductPageTest">
    <skipped/>
  </testcase> <!-- captureProductDetails -->
  <testcase name="productImagesTest" classname="com.qa.opencart.Tests.ProductPageTest">
    <skipped/>
  </testcase> <!-- productImagesTest -->
</testsuite> <!-- com.qa.opencart.Tests.ProductPageTest -->
