<?xml version="1.0" encoding="UTF-8"?>
<!-- Generated by org.testng.reporters.JUnitReportReporter -->
<testsuite hostname="LAPTOP-GA48O9GV" failures="0" tests="4" name="com.qa.opencart.Tests.AccountsPageTest" time="10.960" errors="0" timestamp="12 Jun 2021 16:06:35 GMT" skipped="0">
  <testcase classname="com.qa.opencart.Tests.AccountsPageTest" name="verifyLogoutLinkTest" time="4.227"/>
  <testcase classname="com.qa.opencart.Tests.AccountsPageTest" name="accSectionsListTest" time="3.469"/>
  <testcase classname="com.qa.opencart.Tests.AccountsPageTest" name="verifyAccPageTitleTest" time="0.088"/>
  <testcase classname="com.qa.opencart.Tests.AccountsPageTest" name="verifyAccPageHeaderTest" time="3.176"/>
</testsuite> <!-- com.qa.opencart.Tests.AccountsPageTest -->
