<?xml version="1.0" encoding="UTF-8"?>
<!-- Generated by org.testng.reporters.JUnitReportReporter -->
<testsuite hostname="LAPTOP-GA48O9GV" failures="0" tests="5" name="com.qa.opencart.Tests.LoginPageTest" time="25.844" errors="0" timestamp="12 Jun 2021 16:06:35 GMT" skipped="1">
  <testcase classname="com.qa.opencart.Tests.LoginPageTest" name="verifyTitleTest" time="0.478"/>
  <testcase classname="com.qa.opencart.Tests.LoginPageTest" name="verifyUrlTest" time="0.163"/>
  <testcase classname="com.qa.opencart.Tests.LoginPageTest" name="verifyForgotPwdLinkTest" time="4.686"/>
  <testcase classname="com.qa.opencart.Tests.LoginPageTest" name="loginToApplication" time="20.517"/>
  <testcase classname="com.qa.opencart.Tests.LoginPageTest" name="loginNegativeTest">
    <skipped/>
  </testcase> <!-- loginNegativeTest -->
</testsuite> <!-- com.qa.opencart.Tests.LoginPageTest -->
