<?xml version="1.0" encoding="UTF-8"?>
<!-- Generated by org.testng.reporters.JUnitReportReporter -->
<testsuite skipped="0" hostname="BAKORAPA-IN" name="com.qa.opencart.Tests.AccountsPageTest" tests="4" failures="0" timestamp="2021-04-13T14:15:53 IST" time="3.244" errors="0">
  <testcase name="verifyAccPageHeaderTest" time="1.430" classname="com.qa.opencart.Tests.AccountsPageTest"/>
  <system-out/>
  <testcase name="verifyAccPageTitleTest" time="0.007" classname="com.qa.opencart.Tests.AccountsPageTest"/>
  <system-out/>
  <testcase name="verifyLogoutLinkTest" time="1.610" classname="com.qa.opencart.Tests.AccountsPageTest"/>
  <system-out/>
  <testcase name="accSectionsListTest" time="0.197" classname="com.qa.opencart.Tests.AccountsPageTest"/>
  <system-out/>
</testsuite> <!-- com.qa.opencart.Tests.AccountsPageTest -->
