<?xml version="1.0" encoding="UTF-8"?>
<!-- Generated by org.testng.reporters.JUnitReportReporter -->
<testsuite skipped="0" hostname="BAKORAPA-IN" name="com.qa.opencart.Tests.LoginPageTest" tests="4" failures="0" timestamp="2021-04-13T14:15:53 IST" time="8.663" errors="0">
  <testcase name="verifyTitleTest" time="0.159" classname="com.qa.opencart.Tests.LoginPageTest"/>
  <system-out/>
  <testcase name="verifyUrlTest" time="0.023" classname="com.qa.opencart.Tests.LoginPageTest"/>
  <system-out/>
  <testcase name="verifyForgotPwdLinkTest" time="1.604" classname="com.qa.opencart.Tests.LoginPageTest"/>
  <system-out/>
  <testcase name="loginToApplication" time="6.877" classname="com.qa.opencart.Tests.LoginPageTest"/>
  <system-out/>
</testsuite> <!-- com.qa.opencart.Tests.LoginPageTest -->
