<?xml version="1.0" encoding="UTF-8"?>
<!-- Generated by org.testng.reporters.JUnitReportReporter -->
<testsuite skipped="1" hostname="BAKORAPA-IN" name="com.qa.opencart.Tests.LoginPageTest" tests="5" failures="0" timestamp="16 Jun 2021 16:24:35 GMT" time="9.366" errors="0">
  <testcase name="verifyTitleTest" time="0.081" classname="com.qa.opencart.Tests.LoginPageTest"/>
  <testcase name="verifyUrlTest" time="0.013" classname="com.qa.opencart.Tests.LoginPageTest"/>
  <testcase name="verifyForgotPwdLinkTest" time="1.827" classname="com.qa.opencart.Tests.LoginPageTest"/>
  <testcase name="loginToApplication" time="7.445" classname="com.qa.opencart.Tests.LoginPageTest"/>
  <testcase name="loginNegativeTest" classname="com.qa.opencart.Tests.LoginPageTest">
    <skipped/>
  </testcase> <!-- loginNegativeTest -->
</testsuite> <!-- com.qa.opencart.Tests.LoginPageTest -->
