<?xml version="1.0" encoding="UTF-8"?>
<!-- Generated by org.testng.reporters.JUnitReportReporter -->
<testsuite skipped="0" hostname="BAKORAPA-IN" name="com.qa.opencart.Tests.AccountsPageTest" tests="4" failures="0" timestamp="17 Jun 2021 06:03:18 GMT" time="6.387" errors="0">
  <testcase name="verifyLogoutLinkTest" time="3.088" classname="com.qa.opencart.Tests.AccountsPageTest"/>
  <testcase name="accSectionsListTest" time="1.050" classname="com.qa.opencart.Tests.AccountsPageTest"/>
  <testcase name="verifyAccPageHeaderTest" time="2.195" classname="com.qa.opencart.Tests.AccountsPageTest"/>
  <testcase name="verifyAccPageTitleTest" time="0.054" classname="com.qa.opencart.Tests.AccountsPageTest"/>
</testsuite> <!-- com.qa.opencart.Tests.AccountsPageTest -->
