<?xml version="1.0" encoding="UTF-8"?>
<!-- Generated by org.testng.reporters.JUnitReportReporter -->
<testsuite hostname="LAPTOP-GA48O9GV" failures="0" tests="4" name="com.qa.opencart.Tests.AccountsPageTest" time="5.829" errors="0" timestamp="11 Jun 2021 17:06:23 GMT" skipped="0">
  <testcase classname="com.qa.opencart.Tests.AccountsPageTest" name="verifyAccPageHeaderTest" time="1.964"/>
  <testcase classname="com.qa.opencart.Tests.AccountsPageTest" name="accSectionsListTest" time="1.018"/>
  <testcase classname="com.qa.opencart.Tests.AccountsPageTest" name="verifyAccPageTitleTest" time="0.061"/>
  <testcase classname="com.qa.opencart.Tests.AccountsPageTest" name="verifyLogoutLinkTest" time="2.786"/>
</testsuite> <!-- com.qa.opencart.Tests.AccountsPageTest -->
