<?xml version="1.0" encoding="UTF-8"?>
<!-- Generated by org.testng.reporters.JUnitReportReporter -->
<testsuite skipped="0" hostname="BAKORAPA-IN" name="com.qa.opencart.Tests.LoginPageTest" tests="7" failures="0" timestamp="04 Jun 2021 10:28:57 GMT" time="38.840" errors="0">
  <testcase name="loginNegativeTest" time="9.159" classname="com.qa.opencart.Tests.LoginPageTest"/>
  <testcase name="loginNegativeTest" time="9.879" classname="com.qa.opencart.Tests.LoginPageTest"/>
  <testcase name="loginNegativeTest" time="8.188" classname="com.qa.opencart.Tests.LoginPageTest"/>
  <testcase name="verifyTitleTest" time="0.079" classname="com.qa.opencart.Tests.LoginPageTest"/>
  <testcase name="verifyUrlTest" time="0.031" classname="com.qa.opencart.Tests.LoginPageTest"/>
  <testcase name="verifyForgotPwdLinkTest" time="2.030" classname="com.qa.opencart.Tests.LoginPageTest"/>
  <testcase name="loginToApplication" time="9.474" classname="com.qa.opencart.Tests.LoginPageTest"/>
</testsuite> <!-- com.qa.opencart.Tests.LoginPageTest -->
