<?xml version="1.0" encoding="UTF-8"?>
<!-- Generated by org.testng.reporters.JUnitReportReporter -->
<testsuite skipped="1" hostname="BAKORAPA-IN" name="com.qa.opencart.Tests.LoginPageTest" tests="5" failures="0" timestamp="17 Jun 2021 06:03:18 GMT" time="14.816" errors="0">
  <testcase name="verifyTitleTest" time="0.240" classname="com.qa.opencart.Tests.LoginPageTest"/>
  <testcase name="verifyUrlTest" time="0.061" classname="com.qa.opencart.Tests.LoginPageTest"/>
  <testcase name="verifyForgotPwdLinkTest" time="2.875" classname="com.qa.opencart.Tests.LoginPageTest"/>
  <testcase name="loginToApplication" time="11.640" classname="com.qa.opencart.Tests.LoginPageTest"/>
  <testcase name="loginNegativeTest" classname="com.qa.opencart.Tests.LoginPageTest">
    <skipped/>
  </testcase> <!-- loginNegativeTest -->
</testsuite> <!-- com.qa.opencart.Tests.LoginPageTest -->
