<?xml version="1.0" encoding="UTF-8"?>
<!-- Generated by org.testng.reporters.JUnitReportReporter -->
<testsuite hostname="LAPTOP-GA48O9GV" failures="0" tests="5" name="com.qa.opencart.Tests.LoginPageTest" time="13.815" errors="0" timestamp="11 Jun 2021 17:06:23 GMT" skipped="1">
  <testcase classname="com.qa.opencart.Tests.LoginPageTest" name="verifyTitleTest" time="0.277"/>
  <testcase classname="com.qa.opencart.Tests.LoginPageTest" name="verifyUrlTest" time="0.135"/>
  <testcase classname="com.qa.opencart.Tests.LoginPageTest" name="verifyForgotPwdLinkTest" time="2.903"/>
  <testcase classname="com.qa.opencart.Tests.LoginPageTest" name="loginToApplication" time="10.500"/>
  <testcase classname="com.qa.opencart.Tests.LoginPageTest" name="loginNegativeTest">
    <skipped/>
  </testcase> <!-- loginNegativeTest -->
</testsuite> <!-- com.qa.opencart.Tests.LoginPageTest -->
